# JRE version: OpenJDK Runtime Environment Temurin-21.0.8+9 (21.0.8+9) (build 21.0.8+9-LTS)
# Java VM: OpenJDK 64-Bit Server VM Temurin-21.0.8+9 (21.0.8+9-LTS, mixed mode, sharing, tiered, compressed oops, compressed class ptrs, parallel gc, windows-amd64)
GC Precious Log:
 CardTable entry size: 512
 CPUs: 8 total, 8 available
 Memory: 8035M
 Large Page Support: Disabled
 NUMA Support: Disabled
 Compressed Oops: Enabled (32-bit)
 Alignments: Space 512K, Generation 512K, Heap 2M
 Heap Min Capacity: 100M
 Heap Initial Capacity: 100M
 Heap Max Capacity: 2G
 Pre-touch: Disabled
 Parallel Workers: 8
Heap:
 PSYoungGen      total 2048K, used 1240K [0x00000000d5580000, 0x00000000d5800000, 0x0000000100000000)
  eden space 1536K, 64% used [0x00000000d5580000,0x00000000d5676060,0x00000000d5700000)
  from space 512K, 50% used [0x00000000d5700000,0x00000000d5740000,0x00000000d5780000)
  to   space 512K, 0% used [0x00000000d5780000,0x00000000d5780000,0x00000000d5800000)
 ParOldGen       total 428544K, used 428247K [0x0000000080000000, 0x000000009a280000, 0x00000000d5580000)
  object space 428544K, 99% used [0x0000000080000000,0x000000009a235c28,0x000000009a280000)
 Metaspace       used 56954K, committed 58304K, reserved 1114112K
  class space    used 6116K, committed 6720K, reserved 1048576K
GC Heap History (20 events):
Event: 49.265 GC heap before
{Heap before GC invocations=346 (full 2):
 PSYoungGen      total 3584K, used 3572K [0x00000000d5580000, 0x00000000d5b80000, 0x0000000100000000)
  eden space 2048K, 100% used [0x00000000d5580000,0x00000000d5780000,0x00000000d5780000)
  from space 1536K, 99% used [0x00000000d5780000,0x00000000d58fd0a8,0x00000000d5900000)
  to   space 2048K, 0% used [0x00000000d5980000,0x00000000d5980000,0x00000000d5b80000)
 ParOldGen       total 422400K, used 422135K [0x0000000080000000, 0x0000000099c80000, 0x00000000d5580000)
  object space 422400K, 99% used [0x0000000080000000,0x0000000099c3dc80,0x0000000099c80000)
 Metaspace       used 55896K, committed 57216K, reserved 1114112K
  class space    used 6003K, committed 6592K, reserved 1048576K
}
Event: 49.270 GC heap after
{Heap after GC invocations=346 (full 2):
 PSYoungGen      total 4096K, used 1042K [0x00000000d5580000, 0x00000000d5b00000, 0x0000000100000000)
  eden space 2560K, 0% used [0x00000000d5580000,0x00000000d5580000,0x00000000d5800000)
  from space 1536K, 67% used [0x00000000d5980000,0x00000000d5a84bc8,0x00000000d5b00000)
  to   space 1536K, 0% used [0x00000000d5800000,0x00000000d5800000,0x00000000d5980000)
 ParOldGen       total 422912K, used 422591K [0x0000000080000000, 0x0000000099d00000, 0x00000000d5580000)
  object space 422912K, 99% used [0x0000000080000000,0x0000000099cafc80,0x0000000099d00000)
 Metaspace       used 55896K, committed 57216K, reserved 1114112K
  class space    used 6003K, committed 6592K, reserved 1048576K
}
Event: 50.845 GC heap before
{Heap before GC invocations=347 (full 2):
 PSYoungGen      total 4096K, used 3594K [0x00000000d5580000, 0x00000000d5b00000, 0x0000000100000000)
  eden space 2560K, 99% used [0x00000000d5580000,0x00000000d57fdd68,0x00000000d5800000)
  from space 1536K, 67% used [0x00000000d5980000,0x00000000d5a84bc8,0x00000000d5b00000)
  to   space 1536K, 0% used [0x00000000d5800000,0x00000000d5800000,0x00000000d5980000)
 ParOldGen       total 422912K, used 422591K [0x0000000080000000, 0x0000000099d00000, 0x00000000d5580000)
  object space 422912K, 99% used [0x0000000080000000,0x0000000099cafc80,0x0000000099d00000)
 Metaspace       used 55989K, committed 57280K, reserved 1114112K
  class space    used 6010K, committed 6592K, reserved 1048576K
}
Event: 50.851 GC heap after
{Heap after GC invocations=347 (full 2):
 PSYoungGen      total 3584K, used 832K [0x00000000d5580000, 0x00000000d5a00000, 0x0000000100000000)
  eden space 2560K, 0% used [0x00000000d5580000,0x00000000d5580000,0x00000000d5800000)
  from space 1024K, 81% used [0x00000000d5800000,0x00000000d58d0010,0x00000000d5900000)
  to   space 1024K, 0% used [0x00000000d5900000,0x00000000d5900000,0x00000000d5a00000)
 ParOldGen       total 423424K, used 423314K [0x0000000080000000, 0x0000000099d80000, 0x00000000d5580000)
  object space 423424K, 99% used [0x0000000080000000,0x0000000099d64840,0x0000000099d80000)
 Metaspace       used 55989K, committed 57280K, reserved 1114112K
  class space    used 6010K, committed 6592K, reserved 1048576K
}
Event: 51.260 GC heap before
{Heap before GC invocations=348 (full 2):
 PSYoungGen      total 3584K, used 3388K [0x00000000d5580000, 0x00000000d5a00000, 0x0000000100000000)
  eden space 2560K, 99% used [0x00000000d5580000,0x00000000d57ff180,0x00000000d5800000)
  from space 1024K, 81% used [0x00000000d5800000,0x00000000d58d0010,0x00000000d5900000)
  to   space 1024K, 0% used [0x00000000d5900000,0x00000000d5900000,0x00000000d5a00000)
 ParOldGen       total 423424K, used 423314K [0x0000000080000000, 0x0000000099d80000, 0x00000000d5580000)
  object space 423424K, 99% used [0x0000000080000000,0x0000000099d64840,0x0000000099d80000)
 Metaspace       used 56218K, committed 57536K, reserved 1114112K
  class space    used 6035K, committed 6656K, reserved 1048576K
}
Event: 51.286 GC heap after
{Heap after GC invocations=348 (full 2):
 PSYoungGen      total 3584K, used 344K [0x00000000d5580000, 0x00000000d5a00000, 0x0000000100000000)
  eden space 2560K, 0% used [0x00000000d5580000,0x00000000d5580000,0x00000000d5800000)
  from space 1024K, 33% used [0x00000000d5900000,0x00000000d59561a8,0x00000000d5a00000)
  to   space 1024K, 0% used [0x00000000d5800000,0x00000000d5800000,0x00000000d5900000)
 ParOldGen       total 424448K, used 424002K [0x0000000080000000, 0x0000000099e80000, 0x00000000d5580000)
  object space 424448K, 99% used [0x0000000080000000,0x0000000099e10860,0x0000000099e80000)
 Metaspace       used 56218K, committed 57536K, reserved 1114112K
  class space    used 6035K, committed 6656K, reserved 1048576K
}
Event: 51.920 GC heap before
{Heap before GC invocations=349 (full 2):
 PSYoungGen      total 3584K, used 2900K [0x00000000d5580000, 0x00000000d5a00000, 0x0000000100000000)
  eden space 2560K, 99% used [0x00000000d5580000,0x00000000d57ff0f8,0x00000000d5800000)
  from space 1024K, 33% used [0x00000000d5900000,0x00000000d59561a8,0x00000000d5a00000)
  to   space 1024K, 0% used [0x00000000d5800000,0x00000000d5800000,0x00000000d5900000)
 ParOldGen       total 424448K, used 424002K [0x0000000080000000, 0x0000000099e80000, 0x00000000d5580000)
  object space 424448K, 99% used [0x0000000080000000,0x0000000099e10860,0x0000000099e80000)
 Metaspace       used 56508K, committed 57856K, reserved 1114112K
  class space    used 6071K, committed 6656K, reserved 1048576K
}
Event: 51.928 GC heap after
{Heap after GC invocations=349 (full 2):
 PSYoungGen      total 3584K, used 425K [0x00000000d5580000, 0x00000000d5980000, 0x0000000100000000)
  eden space 2560K, 0% used [0x00000000d5580000,0x00000000d5580000,0x00000000d5800000)
  from space 1024K, 41% used [0x00000000d5800000,0x00000000d586a420,0x00000000d5900000)
  to   space 512K, 0% used [0x00000000d5900000,0x00000000d5900000,0x00000000d5980000)
 ParOldGen       total 424448K, used 424244K [0x0000000080000000, 0x0000000099e80000, 0x00000000d5580000)
  object space 424448K, 99% used [0x0000000080000000,0x0000000099e4d3d8,0x0000000099e80000)
 Metaspace       used 56508K, committed 57856K, reserved 1114112K
  class space    used 6071K, committed 6656K, reserved 1048576K
}
Event: 52.010 GC heap before
{Heap before GC invocations=350 (full 2):
 PSYoungGen      total 3584K, used 2985K [0x00000000d5580000, 0x00000000d5980000, 0x0000000100000000)
  eden space 2560K, 100% used [0x00000000d5580000,0x00000000d5800000,0x00000000d5800000)
  from space 1024K, 41% used [0x00000000d5800000,0x00000000d586a420,0x00000000d5900000)
  to   space 512K, 0% used [0x00000000d5900000,0x00000000d5900000,0x00000000d5980000)
 ParOldGen       total 424448K, used 424244K [0x0000000080000000, 0x0000000099e80000, 0x00000000d5580000)
  object space 424448K, 99% used [0x0000000080000000,0x0000000099e4d3d8,0x0000000099e80000)
 Metaspace       used 56512K, committed 57856K, reserved 1114112K
  class space    used 6072K, committed 6656K, reserved 1048576K
}
Event: 52.019 GC heap after
{Heap after GC invocations=350 (full 2):
 PSYoungGen      total 1024K, used 489K [0x00000000d5580000, 0x00000000d5e00000, 0x0000000100000000)
  eden space 512K, 0% used [0x00000000d5580000,0x00000000d5580000,0x00000000d5600000)
  from space 512K, 95% used [0x00000000d5900000,0x00000000d597a420,0x00000000d5980000)
  to   space 3072K, 0% used [0x00000000d5600000,0x00000000d5600000,0x00000000d5900000)
 ParOldGen       total 426496K, used 426341K [0x0000000080000000, 0x000000009a080000, 0x00000000d5580000)
  object space 426496K, 99% used [0x0000000080000000,0x000000009a0597f8,0x000000009a080000)
 Metaspace       used 56512K, committed 57856K, reserved 1114112K
  class space    used 6072K, committed 6656K, reserved 1048576K
}
Event: 52.040 GC heap before
{Heap before GC invocations=351 (full 2):
 PSYoungGen      total 1024K, used 1001K [0x00000000d5580000, 0x00000000d5e00000, 0x0000000100000000)
  eden space 512K, 100% used [0x00000000d5580000,0x00000000d5600000,0x00000000d5600000)
  from space 512K, 95% used [0x00000000d5900000,0x00000000d597a420,0x00000000d5980000)
  to   space 3072K, 0% used [0x00000000d5600000,0x00000000d5600000,0x00000000d5900000)
 ParOldGen       total 426496K, used 426341K [0x0000000080000000, 0x000000009a080000, 0x00000000d5580000)
  object space 426496K, 99% used [0x0000000080000000,0x000000009a0597f8,0x000000009a080000)
 Metaspace       used 56512K, committed 57856K, reserved 1114112K
  class space    used 6072K, committed 6656K, reserved 1048576K
}
Event: 52.044 GC heap after
{Heap after GC invocations=351 (full 2):
 PSYoungGen      total 1536K, used 544K [0x00000000d5580000, 0x00000000d5980000, 0x0000000100000000)
  eden space 512K, 0% used [0x00000000d5580000,0x00000000d5580000,0x00000000d5600000)
  from space 1024K, 53% used [0x00000000d5600000,0x00000000d5688000,0x00000000d5700000)
  to   space 1536K, 0% used [0x00000000d5800000,0x00000000d5800000,0x00000000d5980000)
 ParOldGen       total 427008K, used 426871K [0x0000000080000000, 0x000000009a100000, 0x00000000d5580000)
  object space 427008K, 99% used [0x0000000080000000,0x000000009a0ddc18,0x000000009a100000)
 Metaspace       used 56512K, committed 57856K, reserved 1114112K
  class space    used 6072K, committed 6656K, reserved 1048576K
}
Event: 52.055 GC heap before
{Heap before GC invocations=352 (full 2):
 PSYoungGen      total 1536K, used 1055K [0x00000000d5580000, 0x00000000d5980000, 0x0000000100000000)
  eden space 512K, 99% used [0x00000000d5580000,0x00000000d55fffb0,0x00000000d5600000)
  from space 1024K, 53% used [0x00000000d5600000,0x00000000d5688000,0x00000000d5700000)
  to   space 1536K, 0% used [0x00000000d5800000,0x00000000d5800000,0x00000000d5980000)
 ParOldGen       total 427008K, used 426871K [0x0000000080000000, 0x000000009a100000, 0x00000000d5580000)
  object space 427008K, 99% used [0x0000000080000000,0x000000009a0ddc18,0x000000009a100000)
 Metaspace       used 56512K, committed 57856K, reserved 1114112K
  class space    used 6072K, committed 6656K, reserved 1048576K
}
Event: 52.060 GC heap after
{Heap after GC invocations=352 (full 2):
 PSYoungGen      total 1536K, used 576K [0x00000000d5580000, 0x00000000d5900000, 0x0000000100000000)
  eden space 512K, 0% used [0x00000000d5580000,0x00000000d5580000,0x00000000d5600000)
  from space 1024K, 56% used [0x00000000d5800000,0x00000000d5890000,0x00000000d5900000)
  to   space 1024K, 0% used [0x00000000d5600000,0x00000000d5600000,0x00000000d5700000)
 ParOldGen       total 427520K, used 427335K [0x0000000080000000, 0x000000009a180000, 0x00000000d5580000)
  object space 427520K, 99% used [0x0000000080000000,0x000000009a151c28,0x000000009a180000)
 Metaspace       used 56512K, committed 57856K, reserved 1114112K
  class space    used 6072K, committed 6656K, reserved 1048576K
}
Event: 52.075 GC heap before
{Heap before GC invocations=353 (full 2):
 PSYoungGen      total 1536K, used 1074K [0x00000000d5580000, 0x00000000d5900000, 0x0000000100000000)
  eden space 512K, 97% used [0x00000000d5580000,0x00000000d55fc9c0,0x00000000d5600000)
  from space 1024K, 56% used [0x00000000d5800000,0x00000000d5890000,0x00000000d5900000)
  to   space 1024K, 0% used [0x00000000d5600000,0x00000000d5600000,0x00000000d5700000)
 ParOldGen       total 427520K, used 427335K [0x0000000080000000, 0x000000009a180000, 0x00000000d5580000)
  object space 427520K, 99% used [0x0000000080000000,0x000000009a151c28,0x000000009a180000)
 Metaspace       used 56531K, committed 57856K, reserved 1114112K
  class space    used 6073K, committed 6656K, reserved 1048576K
}
Event: 52.079 GC heap after
{Heap after GC invocations=353 (full 2):
 PSYoungGen      total 1536K, used 480K [0x00000000d5580000, 0x00000000d5880000, 0x0000000100000000)
  eden space 512K, 0% used [0x00000000d5580000,0x00000000d5580000,0x00000000d5600000)
  from space 1024K, 46% used [0x00000000d5600000,0x00000000d5678000,0x00000000d5700000)
  to   space 1024K, 0% used [0x00000000d5780000,0x00000000d5780000,0x00000000d5880000)
 ParOldGen       total 428032K, used 427831K [0x0000000080000000, 0x000000009a200000, 0x00000000d5580000)
  object space 428032K, 99% used [0x0000000080000000,0x000000009a1cdc28,0x000000009a200000)
 Metaspace       used 56531K, committed 57856K, reserved 1114112K
  class space    used 6073K, committed 6656K, reserved 1048576K
}
Event: 52.107 GC heap before
{Heap before GC invocations=354 (full 2):
 PSYoungGen      total 1536K, used 992K [0x00000000d5580000, 0x00000000d5880000, 0x0000000100000000)
  eden space 512K, 100% used [0x00000000d5580000,0x00000000d5600000,0x00000000d5600000)
  from space 1024K, 46% used [0x00000000d5600000,0x00000000d5678000,0x00000000d5700000)
  to   space 1024K, 0% used [0x00000000d5780000,0x00000000d5780000,0x00000000d5880000)
 ParOldGen       total 428032K, used 427831K [0x0000000080000000, 0x000000009a200000, 0x00000000d5580000)
  object space 428032K, 99% used [0x0000000080000000,0x000000009a1cdc28,0x000000009a200000)
 Metaspace       used 56583K, committed 57920K, reserved 1114112K
  class space    used 6081K, committed 6656K, reserved 1048576K
}
Event: 52.111 GC heap after
{Heap after GC invocations=354 (full 2):
 PSYoungGen      total 2048K, used 224K [0x00000000d5580000, 0x00000000d5800000, 0x0000000100000000)
  eden space 1536K, 0% used [0x00000000d5580000,0x00000000d5580000,0x00000000d5700000)
  from space 512K, 43% used [0x00000000d5780000,0x00000000d57b8000,0x00000000d5800000)
  to   space 512K, 0% used [0x00000000d5700000,0x00000000d5700000,0x00000000d5780000)
 ParOldGen       total 428544K, used 428191K [0x0000000080000000, 0x000000009a280000, 0x00000000d5580000)
  object space 428544K, 99% used [0x0000000080000000,0x000000009a227c28,0x000000009a280000)
 Metaspace       used 56583K, committed 57920K, reserved 1114112K
  class space    used 6081K, committed 6656K, reserved 1048576K
}
Event: 319.553 GC heap before
{Heap before GC invocations=355 (full 2):
 PSYoungGen      total 2048K, used 1751K [0x00000000d5580000, 0x00000000d5800000, 0x0000000100000000)
  eden space 1536K, 99% used [0x00000000d5580000,0x00000000d56fdf08,0x00000000d5700000)
  from space 512K, 43% used [0x00000000d5780000,0x00000000d57b8000,0x00000000d5800000)
  to   space 512K, 0% used [0x00000000d5700000,0x00000000d5700000,0x00000000d5780000)
 ParOldGen       total 428544K, used 428191K [0x0000000080000000, 0x000000009a280000, 0x00000000d5580000)
  object space 428544K, 99% used [0x0000000080000000,0x000000009a227c28,0x000000009a280000)
 Metaspace       used 56764K, committed 58176K, reserved 1114112K
  class space    used 6105K, committed 6720K, reserved 1048576K
}
Event: 319.559 GC heap after
{Heap after GC invocations=355 (full 2):
 PSYoungGen      total 2048K, used 256K [0x00000000d5580000, 0x00000000d5800000, 0x0000000100000000)
  eden space 1536K, 0% used [0x00000000d5580000,0x00000000d5580000,0x00000000d5700000)
  from space 512K, 50% used [0x00000000d5700000,0x00000000d5740000,0x00000000d5780000)
  to   space 512K, 0% used [0x00000000d5780000,0x00000000d5780000,0x00000000d5800000)
 ParOldGen       total 428544K, used 428247K [0x0000000080000000, 0x000000009a280000, 0x00000000d5580000)
  object space 428544K, 99% used [0x0000000080000000,0x000000009a235c28,0x000000009a280000)
 Metaspace       used 56764K, committed 58176K, reserved 1114112K
  class space    used 6105K, committed 6720K, reserved 1048576K
}

